<?xml version="1.0" encoding="UTF-8"?>
<!-- Generated by org.testng.reporters.JUnitReportReporter -->
<testsuite hostname="WIN-8RVP5DORD1I" failures="0" tests="5" name="TestCases" time="7.948" errors="0" timestamp="2022-05-17T11:12:21 IST" skipped="0">
  <testcase classname="TestCases" name="UserPostOps" time="2.955"/>
  <system-out/>
  <testcase classname="TestCases" name="UserGetOps" time="1.273"/>
  <system-out/>
  <testcase classname="TestCases" name="UserPUTOps" time="1.234"/>
  <system-out/>
  <testcase classname="TestCases" name="UserDeleteOps" time="1.259"/>
  <system-out/>
  <testcase classname="TestCases" name="UserNegativeOps" time="1.227"/>
  <system-out/>
</testsuite> <!-- TestCases -->
